C:\temp\cximage\jpeg\Unicode_Debug\cl.command.1.tlog
C:\temp\cximage\jpeg\Unicode_Debug\CL.read.1.tlog
C:\temp\cximage\jpeg\Unicode_Debug\CL.write.1.tlog
C:\TEMP\CXIMAGE\JPEG\UNICODE_DEBUG\JCAPIMIN.OBJ
C:\TEMP\CXIMAGE\JPEG\UNICODE_DEBUG\JCAPISTD.OBJ
C:\TEMP\CXIMAGE\JPEG\UNICODE_DEBUG\JCCOEFCT.OBJ
C:\TEMP\CXIMAGE\JPEG\UNICODE_DEBUG\JCCOLOR.OBJ
C:\TEMP\CXIMAGE\JPEG\UNICODE_DEBUG\JCDCTMGR.OBJ
C:\TEMP\CXIMAGE\JPEG\UNICODE_DEBUG\JCHUFF.OBJ
C:\TEMP\CXIMAGE\JPEG\UNICODE_DEBUG\JCINIT.OBJ
C:\TEMP\CXIMAGE\JPEG\UNICODE_DEBUG\JCMAINCT.OBJ
C:\TEMP\CXIMAGE\JPEG\UNICODE_DEBUG\JCMARKER.OBJ
C:\TEMP\CXIMAGE\JPEG\UNICODE_DEBUG\JCMASTER.OBJ
C:\TEMP\CXIMAGE\JPEG\UNICODE_DEBUG\JCOMAPI.OBJ
C:\TEMP\CXIMAGE\JPEG\UNICODE_DEBUG\JCPARAM.OBJ
C:\TEMP\CXIMAGE\JPEG\UNICODE_DEBUG\JCPHUFF.OBJ
C:\TEMP\CXIMAGE\JPEG\UNICODE_DEBUG\JCPREPCT.OBJ
C:\TEMP\CXIMAGE\JPEG\UNICODE_DEBUG\JCSAMPLE.OBJ
C:\TEMP\CXIMAGE\JPEG\UNICODE_DEBUG\JCTRANS.OBJ
C:\TEMP\CXIMAGE\JPEG\UNICODE_DEBUG\JDAPIMIN.OBJ
C:\TEMP\CXIMAGE\JPEG\UNICODE_DEBUG\JDAPISTD.OBJ
C:\TEMP\CXIMAGE\JPEG\UNICODE_DEBUG\JDATADST.OBJ
C:\TEMP\CXIMAGE\JPEG\UNICODE_DEBUG\JDATASRC.OBJ
C:\TEMP\CXIMAGE\JPEG\UNICODE_DEBUG\JDCOEFCT.OBJ
C:\TEMP\CXIMAGE\JPEG\UNICODE_DEBUG\JDCOLOR.OBJ
C:\TEMP\CXIMAGE\JPEG\UNICODE_DEBUG\JDDCTMGR.OBJ
C:\TEMP\CXIMAGE\JPEG\UNICODE_DEBUG\JDHUFF.OBJ
C:\TEMP\CXIMAGE\JPEG\UNICODE_DEBUG\JDINPUT.OBJ
C:\TEMP\CXIMAGE\JPEG\UNICODE_DEBUG\JDMAINCT.OBJ
C:\TEMP\CXIMAGE\JPEG\UNICODE_DEBUG\JDMARKER.OBJ
C:\TEMP\CXIMAGE\JPEG\UNICODE_DEBUG\JDMASTER.OBJ
C:\TEMP\CXIMAGE\JPEG\UNICODE_DEBUG\JDMERGE.OBJ
C:\TEMP\CXIMAGE\JPEG\UNICODE_DEBUG\JDPHUFF.OBJ
C:\TEMP\CXIMAGE\JPEG\UNICODE_DEBUG\JDPOSTCT.OBJ
C:\TEMP\CXIMAGE\JPEG\UNICODE_DEBUG\JDSAMPLE.OBJ
C:\TEMP\CXIMAGE\JPEG\UNICODE_DEBUG\JDTRANS.OBJ
C:\TEMP\CXIMAGE\JPEG\UNICODE_DEBUG\JERROR.OBJ
C:\TEMP\CXIMAGE\JPEG\UNICODE_DEBUG\JFDCTFLT.OBJ
C:\TEMP\CXIMAGE\JPEG\UNICODE_DEBUG\JFDCTFST.OBJ
C:\TEMP\CXIMAGE\JPEG\UNICODE_DEBUG\JFDCTINT.OBJ
C:\TEMP\CXIMAGE\JPEG\UNICODE_DEBUG\JIDCTFLT.OBJ
C:\TEMP\CXIMAGE\JPEG\UNICODE_DEBUG\JIDCTFST.OBJ
C:\TEMP\CXIMAGE\JPEG\UNICODE_DEBUG\JIDCTINT.OBJ
C:\TEMP\CXIMAGE\JPEG\UNICODE_DEBUG\JIDCTRED.OBJ
C:\TEMP\CXIMAGE\JPEG\UNICODE_DEBUG\JMEMMGR.OBJ
C:\TEMP\CXIMAGE\JPEG\UNICODE_DEBUG\JMEMNOBS.OBJ
C:\temp\cximage\jpeg\Unicode_Debug\Jpeg.vcxprojResolveAssemblyReference.cache
C:\temp\cximage\jpeg\Unicode_Debug\Jpeg.write.1.tlog
C:\TEMP\CXIMAGE\JPEG\UNICODE_DEBUG\JQUANT1.OBJ
C:\TEMP\CXIMAGE\JPEG\UNICODE_DEBUG\JQUANT2.OBJ
C:\TEMP\CXIMAGE\JPEG\UNICODE_DEBUG\JUTILS.OBJ
C:\temp\cximage\jpeg\Unicode_Debug\lib.command.1.tlog
C:\temp\cximage\jpeg\Unicode_Debug\Lib-link.read.1.tlog
C:\temp\cximage\jpeg\Unicode_Debug\Lib-link.write.1.tlog
C:\TEMP\CXIMAGE\JPEG\UNICODE_DEBUG\VC100.PDB
C:\TEMP\CXIMAGE\X64\UNICODE DEBUG\JPEG.LIB
