C:\temp\cximage\mng\Unicode_Debug\cl.command.1.tlog
C:\temp\cximage\mng\Unicode_Debug\CL.read.1.tlog
C:\temp\cximage\mng\Unicode_Debug\CL.write.1.tlog
C:\temp\cximage\mng\Unicode_Debug\lib.command.1.tlog
C:\temp\cximage\mng\Unicode_Debug\Lib-link.read.1.tlog
C:\temp\cximage\mng\Unicode_Debug\Lib-link.write.1.tlog
C:\TEMP\CXIMAGE\MNG\UNICODE_DEBUG\LIBMNG_CALLBACK_XS.OBJ
C:\TEMP\CXIMAGE\MNG\UNICODE_DEBUG\LIBMNG_CHUNK_DESCR.OBJ
C:\TEMP\CXIMAGE\MNG\UNICODE_DEBUG\LIBMNG_CHUNK_IO.OBJ
C:\TEMP\CXIMAGE\MNG\UNICODE_DEBUG\LIBMNG_CHUNK_PRC.OBJ
C:\TEMP\CXIMAGE\MNG\UNICODE_DEBUG\LIBMNG_CHUNK_XS.OBJ
C:\TEMP\CXIMAGE\MNG\UNICODE_DEBUG\LIBMNG_CMS.OBJ
C:\TEMP\CXIMAGE\MNG\UNICODE_DEBUG\LIBMNG_DISPLAY.OBJ
C:\TEMP\CXIMAGE\MNG\UNICODE_DEBUG\LIBMNG_DITHER.OBJ
C:\TEMP\CXIMAGE\MNG\UNICODE_DEBUG\LIBMNG_ERROR.OBJ
C:\TEMP\CXIMAGE\MNG\UNICODE_DEBUG\LIBMNG_FILTER.OBJ
C:\TEMP\CXIMAGE\MNG\UNICODE_DEBUG\LIBMNG_HLAPI.OBJ
C:\TEMP\CXIMAGE\MNG\UNICODE_DEBUG\LIBMNG_JPEG.OBJ
C:\TEMP\CXIMAGE\MNG\UNICODE_DEBUG\LIBMNG_OBJECT_PRC.OBJ
C:\TEMP\CXIMAGE\MNG\UNICODE_DEBUG\LIBMNG_PIXELS.OBJ
C:\TEMP\CXIMAGE\MNG\UNICODE_DEBUG\LIBMNG_PROP_XS.OBJ
C:\TEMP\CXIMAGE\MNG\UNICODE_DEBUG\LIBMNG_READ.OBJ
C:\TEMP\CXIMAGE\MNG\UNICODE_DEBUG\LIBMNG_TRACE.OBJ
C:\TEMP\CXIMAGE\MNG\UNICODE_DEBUG\LIBMNG_WRITE.OBJ
C:\TEMP\CXIMAGE\MNG\UNICODE_DEBUG\LIBMNG_ZLIB.OBJ
C:\temp\cximage\mng\Unicode_Debug\mng.vcxprojResolveAssemblyReference.cache
C:\temp\cximage\mng\Unicode_Debug\mng.write.1.tlog
C:\TEMP\CXIMAGE\MNG\UNICODE_DEBUG\VC100.PDB
C:\TEMP\CXIMAGE\X64\UNICODE DEBUG\MNG.LIB
