C:\temp\cximage\png\Unicode_Debug\cl.command.1.tlog
C:\temp\cximage\png\Unicode_Debug\CL.read.1.tlog
C:\temp\cximage\png\Unicode_Debug\CL.write.1.tlog
C:\temp\cximage\png\Unicode_Debug\lib.command.1.tlog
C:\temp\cximage\png\Unicode_Debug\Lib-link.read.1.tlog
C:\temp\cximage\png\Unicode_Debug\Lib-link.write.1.tlog
C:\TEMP\CXIMAGE\PNG\UNICODE_DEBUG\PNG.OBJ
C:\temp\cximage\png\Unicode_Debug\png.vcxprojResolveAssemblyReference.cache
C:\temp\cximage\png\Unicode_Debug\png.write.1.tlog
C:\TEMP\CXIMAGE\PNG\UNICODE_DEBUG\PNGERROR.OBJ
C:\TEMP\CXIMAGE\PNG\UNICODE_DEBUG\PNGGET.OBJ
C:\TEMP\CXIMAGE\PNG\UNICODE_DEBUG\PNGMEM.OBJ
C:\TEMP\CXIMAGE\PNG\UNICODE_DEBUG\PNGPREAD.OBJ
C:\TEMP\CXIMAGE\PNG\UNICODE_DEBUG\PNGREAD.OBJ
C:\TEMP\CXIMAGE\PNG\UNICODE_DEBUG\PNGRIO.OBJ
C:\TEMP\CXIMAGE\PNG\UNICODE_DEBUG\PNGRTRAN.OBJ
C:\TEMP\CXIMAGE\PNG\UNICODE_DEBUG\PNGRUTIL.OBJ
C:\TEMP\CXIMAGE\PNG\UNICODE_DEBUG\PNGSET.OBJ
C:\TEMP\CXIMAGE\PNG\UNICODE_DEBUG\PNGTRANS.OBJ
C:\TEMP\CXIMAGE\PNG\UNICODE_DEBUG\PNGVCRD.OBJ
C:\TEMP\CXIMAGE\PNG\UNICODE_DEBUG\PNGWIO.OBJ
C:\TEMP\CXIMAGE\PNG\UNICODE_DEBUG\PNGWRITE.OBJ
C:\TEMP\CXIMAGE\PNG\UNICODE_DEBUG\PNGWTRAN.OBJ
C:\TEMP\CXIMAGE\PNG\UNICODE_DEBUG\PNGWUTIL.OBJ
C:\TEMP\CXIMAGE\PNG\UNICODE_DEBUG\VC100.PDB
C:\TEMP\CXIMAGE\X64\UNICODE DEBUG\PNG.LIB
