C:\temp\cximage\CxImage\CxImageDLL\Unicode_Release\cl.command.1.tlog
C:\temp\cximage\CxImage\CxImageDLL\Unicode_Release\CL.read.1.tlog
C:\temp\cximage\CxImage\CxImageDLL\Unicode_Release\CL.write.1.tlog
C:\TEMP\CXIMAGE\CXIMAGE\CXIMAGEDLL\UNICODE_RELEASE\CXIMAGECRTDLL.DLL.INTERMEDIATE.MANIFEST
C:\TEMP\CXIMAGE\CXIMAGE\CXIMAGEDLL\UNICODE_RELEASE\CXIMAGECRTDLL.OBJ
C:\TEMP\CXIMAGE\CXIMAGE\CXIMAGEDLL\UNICODE_RELEASE\CXIMAGECRTDLL.RES
C:\temp\cximage\CxImage\CxImageDLL\Unicode_Release\CxImageCrtDll.write.1.tlog
C:\temp\cximage\CxImage\CxImageDLL\Unicode_Release\cximagecrtu.exp
C:\temp\cximage\CxImage\CxImageDLL\Unicode_Release\cximagecrtu.lib
C:\temp\cximage\CxImage\CxImageDLL\Unicode_Release\link.command.1.tlog
C:\temp\cximage\CxImage\CxImageDLL\Unicode_Release\link.read.1.tlog
C:\temp\cximage\CxImage\CxImageDLL\Unicode_Release\link.write.1.tlog
C:\temp\cximage\CxImage\CxImageDLL\Unicode_Release\link-cvtres.read.1.tlog
C:\temp\cximage\CxImage\CxImageDLL\Unicode_Release\link-cvtres.write.1.tlog
C:\temp\cximage\CxImage\CxImageDLL\Unicode_Release\mt.command.1.tlog
C:\temp\cximage\CxImage\CxImageDLL\Unicode_Release\mt.read.1.tlog
C:\temp\cximage\CxImage\CxImageDLL\Unicode_Release\mt.write.1.tlog
C:\temp\cximage\CxImage\CxImageDLL\Unicode_Release\rc.command.1.tlog
C:\temp\cximage\CxImage\CxImageDLL\Unicode_Release\rc.read.1.tlog
C:\temp\cximage\CxImage\CxImageDLL\Unicode_Release\rc.write.1.tlog
C:\TEMP\CXIMAGE\CXIMAGE\CXIMAGEDLL\UNICODE_RELEASE\TIF_XFILE.OBJ
C:\TEMP\CXIMAGE\CXIMAGE\CXIMAGEDLL\UNICODE_RELEASE\VC100.PDB
C:\TEMP\CXIMAGE\CXIMAGE\CXIMAGEDLL\UNICODE_RELEASE\XIMABMP.OBJ
C:\TEMP\CXIMAGE\CXIMAGE\CXIMAGEDLL\UNICODE_RELEASE\XIMADSP.OBJ
C:\TEMP\CXIMAGE\CXIMAGE\CXIMAGEDLL\UNICODE_RELEASE\XIMAENC.OBJ
C:\TEMP\CXIMAGE\CXIMAGE\CXIMAGEDLL\UNICODE_RELEASE\XIMAEXIF.OBJ
C:\TEMP\CXIMAGE\CXIMAGE\CXIMAGEDLL\UNICODE_RELEASE\XIMAGE.OBJ
C:\TEMP\CXIMAGE\CXIMAGE\CXIMAGEDLL\UNICODE_RELEASE\XIMAGIF.OBJ
C:\TEMP\CXIMAGE\CXIMAGE\CXIMAGEDLL\UNICODE_RELEASE\XIMAHIST.OBJ
C:\TEMP\CXIMAGE\CXIMAGE\CXIMAGEDLL\UNICODE_RELEASE\XIMAICO.OBJ
C:\TEMP\CXIMAGE\CXIMAGE\CXIMAGEDLL\UNICODE_RELEASE\XIMAINFO.OBJ
C:\TEMP\CXIMAGE\CXIMAGE\CXIMAGEDLL\UNICODE_RELEASE\XIMAINT.OBJ
C:\TEMP\CXIMAGE\CXIMAGE\CXIMAGEDLL\UNICODE_RELEASE\XIMAJAS.OBJ
C:\TEMP\CXIMAGE\CXIMAGE\CXIMAGEDLL\UNICODE_RELEASE\XIMAJBG.OBJ
C:\TEMP\CXIMAGE\CXIMAGE\CXIMAGEDLL\UNICODE_RELEASE\XIMAJPG.OBJ
C:\TEMP\CXIMAGE\CXIMAGE\CXIMAGEDLL\UNICODE_RELEASE\XIMALPHA.OBJ
C:\TEMP\CXIMAGE\CXIMAGE\CXIMAGEDLL\UNICODE_RELEASE\XIMALYR.OBJ
C:\TEMP\CXIMAGE\CXIMAGE\CXIMAGEDLL\UNICODE_RELEASE\XIMAMNG.OBJ
C:\TEMP\CXIMAGE\CXIMAGE\CXIMAGEDLL\UNICODE_RELEASE\XIMAPAL.OBJ
C:\TEMP\CXIMAGE\CXIMAGE\CXIMAGEDLL\UNICODE_RELEASE\XIMAPCX.OBJ
C:\TEMP\CXIMAGE\CXIMAGE\CXIMAGEDLL\UNICODE_RELEASE\XIMAPNG.OBJ
C:\TEMP\CXIMAGE\CXIMAGE\CXIMAGEDLL\UNICODE_RELEASE\XIMARAW.OBJ
C:\TEMP\CXIMAGE\CXIMAGE\CXIMAGEDLL\UNICODE_RELEASE\XIMASEL.OBJ
C:\TEMP\CXIMAGE\CXIMAGE\CXIMAGEDLL\UNICODE_RELEASE\XIMASKA.OBJ
C:\TEMP\CXIMAGE\CXIMAGE\CXIMAGEDLL\UNICODE_RELEASE\XIMATGA.OBJ
C:\TEMP\CXIMAGE\CXIMAGE\CXIMAGEDLL\UNICODE_RELEASE\XIMATH.OBJ
C:\TEMP\CXIMAGE\CXIMAGE\CXIMAGEDLL\UNICODE_RELEASE\XIMATIF.OBJ
C:\TEMP\CXIMAGE\CXIMAGE\CXIMAGEDLL\UNICODE_RELEASE\XIMATRAN.OBJ
C:\TEMP\CXIMAGE\CXIMAGE\CXIMAGEDLL\UNICODE_RELEASE\XIMAWBMP.OBJ
C:\TEMP\CXIMAGE\CXIMAGE\CXIMAGEDLL\UNICODE_RELEASE\XIMAWMF.OBJ
C:\TEMP\CXIMAGE\CXIMAGE\CXIMAGEDLL\UNICODE_RELEASE\XIMAWND.OBJ
C:\TEMP\CXIMAGE\CXIMAGE\CXIMAGEDLL\UNICODE_RELEASE\XMEMFILE.OBJ
C:\TEMP\CXIMAGE\X64\UNICODE RELEASE\CXIMAGECRTDLL.DLL
