C:\TEMP\CXIMAGE\X64\UNICODE DEBUG\ZLIB.LIB
C:\TEMP\CXIMAGE\ZLIB\UNICODE_DEBUG\ADLER32.OBJ
C:\temp\cximage\zlib\Unicode_Debug\cl.command.1.tlog
C:\temp\cximage\zlib\Unicode_Debug\CL.read.1.tlog
C:\temp\cximage\zlib\Unicode_Debug\CL.write.1.tlog
C:\TEMP\CXIMAGE\ZLIB\UNICODE_DEBUG\COMPRESS.OBJ
C:\TEMP\CXIMAGE\ZLIB\UNICODE_DEBUG\CRC32.OBJ
C:\TEMP\CXIMAGE\ZLIB\UNICODE_DEBUG\DEFLATE.OBJ
C:\TEMP\CXIMAGE\ZLIB\UNICODE_DEBUG\GZIO.OBJ
C:\TEMP\CXIMAGE\ZLIB\UNICODE_DEBUG\INFBACK.OBJ
C:\TEMP\CXIMAGE\ZLIB\UNICODE_DEBUG\INFFAST.OBJ
C:\TEMP\CXIMAGE\ZLIB\UNICODE_DEBUG\INFLATE.OBJ
C:\TEMP\CXIMAGE\ZLIB\UNICODE_DEBUG\INFTREES.OBJ
C:\temp\cximage\zlib\Unicode_Debug\lib.command.1.tlog
C:\temp\cximage\zlib\Unicode_Debug\Lib-link.read.1.tlog
C:\temp\cximage\zlib\Unicode_Debug\Lib-link.write.1.tlog
C:\TEMP\CXIMAGE\ZLIB\UNICODE_DEBUG\TREES.OBJ
C:\TEMP\CXIMAGE\ZLIB\UNICODE_DEBUG\UNCOMPR.OBJ
C:\TEMP\CXIMAGE\ZLIB\UNICODE_DEBUG\VC100.PDB
C:\temp\cximage\zlib\Unicode_Debug\zlib.vcxprojResolveAssemblyReference.cache
C:\temp\cximage\zlib\Unicode_Debug\zlib.write.1.tlog
C:\TEMP\CXIMAGE\ZLIB\UNICODE_DEBUG\ZUTIL.OBJ
