C:\TEMP\CXIMAGE\JASPER\UNICODE_DEBUG\BMP_COD.OBJ
C:\TEMP\CXIMAGE\JASPER\UNICODE_DEBUG\BMP_DEC.OBJ
C:\TEMP\CXIMAGE\JASPER\UNICODE_DEBUG\BMP_ENC.OBJ
C:\temp\cximage\jasper\Unicode_Debug\cl.command.1.tlog
C:\temp\cximage\jasper\Unicode_Debug\CL.read.1.tlog
C:\temp\cximage\jasper\Unicode_Debug\CL.write.1.tlog
C:\TEMP\CXIMAGE\JASPER\UNICODE_DEBUG\JAS_CM.OBJ
C:\TEMP\CXIMAGE\JASPER\UNICODE_DEBUG\JAS_DEBUG.OBJ
C:\TEMP\CXIMAGE\JASPER\UNICODE_DEBUG\JAS_GETOPT.OBJ
C:\TEMP\CXIMAGE\JASPER\UNICODE_DEBUG\JAS_ICC.OBJ
C:\TEMP\CXIMAGE\JASPER\UNICODE_DEBUG\JAS_ICCDATA.OBJ
C:\TEMP\CXIMAGE\JASPER\UNICODE_DEBUG\JAS_IMAGE.OBJ
C:\TEMP\CXIMAGE\JASPER\UNICODE_DEBUG\JAS_INIT.OBJ
C:\TEMP\CXIMAGE\JASPER\UNICODE_DEBUG\JAS_MALLOC.OBJ
C:\TEMP\CXIMAGE\JASPER\UNICODE_DEBUG\JAS_SEQ.OBJ
C:\TEMP\CXIMAGE\JASPER\UNICODE_DEBUG\JAS_STREAM.OBJ
C:\TEMP\CXIMAGE\JASPER\UNICODE_DEBUG\JAS_STRING.OBJ
C:\TEMP\CXIMAGE\JASPER\UNICODE_DEBUG\JAS_TVP.OBJ
C:\TEMP\CXIMAGE\JASPER\UNICODE_DEBUG\JAS_VERSION.OBJ
C:\temp\cximage\jasper\Unicode_Debug\jasper.write.1.tlog
C:\TEMP\CXIMAGE\JASPER\UNICODE_DEBUG\JP2_COD.OBJ
C:\TEMP\CXIMAGE\JASPER\UNICODE_DEBUG\JP2_DEC.OBJ
C:\TEMP\CXIMAGE\JASPER\UNICODE_DEBUG\JP2_ENC.OBJ
C:\TEMP\CXIMAGE\JASPER\UNICODE_DEBUG\JPC_BS.OBJ
C:\TEMP\CXIMAGE\JASPER\UNICODE_DEBUG\JPC_CS.OBJ
C:\TEMP\CXIMAGE\JASPER\UNICODE_DEBUG\JPC_DEC.OBJ
C:\TEMP\CXIMAGE\JASPER\UNICODE_DEBUG\JPC_ENC.OBJ
C:\TEMP\CXIMAGE\JASPER\UNICODE_DEBUG\JPC_MATH.OBJ
C:\TEMP\CXIMAGE\JASPER\UNICODE_DEBUG\JPC_MCT.OBJ
C:\TEMP\CXIMAGE\JASPER\UNICODE_DEBUG\JPC_MQCOD.OBJ
C:\TEMP\CXIMAGE\JASPER\UNICODE_DEBUG\JPC_MQDEC.OBJ
C:\TEMP\CXIMAGE\JASPER\UNICODE_DEBUG\JPC_MQENC.OBJ
C:\TEMP\CXIMAGE\JASPER\UNICODE_DEBUG\JPC_QMFB.OBJ
C:\TEMP\CXIMAGE\JASPER\UNICODE_DEBUG\JPC_T1COD.OBJ
C:\TEMP\CXIMAGE\JASPER\UNICODE_DEBUG\JPC_T1DEC.OBJ
C:\TEMP\CXIMAGE\JASPER\UNICODE_DEBUG\JPC_T1ENC.OBJ
C:\TEMP\CXIMAGE\JASPER\UNICODE_DEBUG\JPC_T2COD.OBJ
C:\TEMP\CXIMAGE\JASPER\UNICODE_DEBUG\JPC_T2DEC.OBJ
C:\TEMP\CXIMAGE\JASPER\UNICODE_DEBUG\JPC_T2ENC.OBJ
C:\TEMP\CXIMAGE\JASPER\UNICODE_DEBUG\JPC_TAGTREE.OBJ
C:\TEMP\CXIMAGE\JASPER\UNICODE_DEBUG\JPC_TSFB.OBJ
C:\TEMP\CXIMAGE\JASPER\UNICODE_DEBUG\JPC_UTIL.OBJ
C:\TEMP\CXIMAGE\JASPER\UNICODE_DEBUG\JPG_DUMMY.OBJ
C:\TEMP\CXIMAGE\JASPER\UNICODE_DEBUG\JPG_VAL.OBJ
C:\temp\cximage\jasper\Unicode_Debug\lib.command.1.tlog
C:\temp\cximage\jasper\Unicode_Debug\Lib-link.read.1.tlog
C:\temp\cximage\jasper\Unicode_Debug\Lib-link.write.1.tlog
C:\TEMP\CXIMAGE\JASPER\UNICODE_DEBUG\MIF_COD.OBJ
C:\TEMP\CXIMAGE\JASPER\UNICODE_DEBUG\PGX_COD.OBJ
C:\TEMP\CXIMAGE\JASPER\UNICODE_DEBUG\PGX_DEC.OBJ
C:\TEMP\CXIMAGE\JASPER\UNICODE_DEBUG\PGX_ENC.OBJ
C:\TEMP\CXIMAGE\JASPER\UNICODE_DEBUG\PNM_COD.OBJ
C:\TEMP\CXIMAGE\JASPER\UNICODE_DEBUG\PNM_DEC.OBJ
C:\TEMP\CXIMAGE\JASPER\UNICODE_DEBUG\PNM_ENC.OBJ
C:\TEMP\CXIMAGE\JASPER\UNICODE_DEBUG\RAS_COD.OBJ
C:\TEMP\CXIMAGE\JASPER\UNICODE_DEBUG\RAS_DEC.OBJ
C:\TEMP\CXIMAGE\JASPER\UNICODE_DEBUG\RAS_ENC.OBJ
C:\TEMP\CXIMAGE\JASPER\UNICODE_DEBUG\VC100.PDB
C:\TEMP\CXIMAGE\X64\UNICODE DEBUG\JASPER.LIB
