C:\temp\cximage\CxImage\Unicode_Debug\cl.command.1.tlog
C:\temp\cximage\CxImage\Unicode_Debug\CL.read.1.tlog
C:\temp\cximage\CxImage\Unicode_Debug\CL.write.1.tlog
C:\temp\cximage\CxImage\Unicode_Debug\cximage.vcxprojResolveAssemblyReference.cache
C:\temp\cximage\CxImage\Unicode_Debug\cximage.write.1.tlog
C:\temp\cximage\CxImage\Unicode_Debug\lib.command.1.tlog
C:\temp\cximage\CxImage\Unicode_Debug\Lib-link.read.1.tlog
C:\temp\cximage\CxImage\Unicode_Debug\Lib-link.write.1.tlog
C:\TEMP\CXIMAGE\CXIMAGE\UNICODE_DEBUG\TIF_XFILE.OBJ
C:\TEMP\CXIMAGE\CXIMAGE\UNICODE_DEBUG\VC100.PDB
C:\TEMP\CXIMAGE\CXIMAGE\UNICODE_DEBUG\XIMABMP.OBJ
C:\TEMP\CXIMAGE\CXIMAGE\UNICODE_DEBUG\XIMADSP.OBJ
C:\TEMP\CXIMAGE\CXIMAGE\UNICODE_DEBUG\XIMAENC.OBJ
C:\TEMP\CXIMAGE\CXIMAGE\UNICODE_DEBUG\XIMAEXIF.OBJ
C:\TEMP\CXIMAGE\CXIMAGE\UNICODE_DEBUG\XIMAGE.OBJ
C:\TEMP\CXIMAGE\CXIMAGE\UNICODE_DEBUG\XIMAGIF.OBJ
C:\TEMP\CXIMAGE\CXIMAGE\UNICODE_DEBUG\XIMAHIST.OBJ
C:\TEMP\CXIMAGE\CXIMAGE\UNICODE_DEBUG\XIMAICO.OBJ
C:\TEMP\CXIMAGE\CXIMAGE\UNICODE_DEBUG\XIMAINFO.OBJ
C:\TEMP\CXIMAGE\CXIMAGE\UNICODE_DEBUG\XIMAINT.OBJ
C:\TEMP\CXIMAGE\CXIMAGE\UNICODE_DEBUG\XIMAJAS.OBJ
C:\TEMP\CXIMAGE\CXIMAGE\UNICODE_DEBUG\XIMAJBG.OBJ
C:\TEMP\CXIMAGE\CXIMAGE\UNICODE_DEBUG\XIMAJPG.OBJ
C:\TEMP\CXIMAGE\CXIMAGE\UNICODE_DEBUG\XIMALPHA.OBJ
C:\TEMP\CXIMAGE\CXIMAGE\UNICODE_DEBUG\XIMALYR.OBJ
C:\TEMP\CXIMAGE\CXIMAGE\UNICODE_DEBUG\XIMAMNG.OBJ
C:\TEMP\CXIMAGE\CXIMAGE\UNICODE_DEBUG\XIMAPAL.OBJ
C:\TEMP\CXIMAGE\CXIMAGE\UNICODE_DEBUG\XIMAPCX.OBJ
C:\TEMP\CXIMAGE\CXIMAGE\UNICODE_DEBUG\XIMAPNG.OBJ
C:\TEMP\CXIMAGE\CXIMAGE\UNICODE_DEBUG\XIMARAW.OBJ
C:\TEMP\CXIMAGE\CXIMAGE\UNICODE_DEBUG\XIMASEL.OBJ
C:\TEMP\CXIMAGE\CXIMAGE\UNICODE_DEBUG\XIMASKA.OBJ
C:\TEMP\CXIMAGE\CXIMAGE\UNICODE_DEBUG\XIMATGA.OBJ
C:\TEMP\CXIMAGE\CXIMAGE\UNICODE_DEBUG\XIMATH.OBJ
C:\TEMP\CXIMAGE\CXIMAGE\UNICODE_DEBUG\XIMATIF.OBJ
C:\TEMP\CXIMAGE\CXIMAGE\UNICODE_DEBUG\XIMATRAN.OBJ
C:\TEMP\CXIMAGE\CXIMAGE\UNICODE_DEBUG\XIMAWBMP.OBJ
C:\TEMP\CXIMAGE\CXIMAGE\UNICODE_DEBUG\XIMAWMF.OBJ
C:\TEMP\CXIMAGE\CXIMAGE\UNICODE_DEBUG\XIMAWND.OBJ
C:\TEMP\CXIMAGE\CXIMAGE\UNICODE_DEBUG\XMEMFILE.OBJ
C:\TEMP\CXIMAGE\X64\UNICODE DEBUG\CXIMAGE.LIB
