C:\TEMP\CXIMAGE\DEMO\DEBUGDLL\BCMENU.OBJ
C:\TEMP\CXIMAGE\DEMO\DEBUGDLL\CHILDFRM.OBJ
C:\temp\cximage\demo\DebugDll\cl.command.1.tlog
C:\temp\cximage\demo\DebugDll\CL.read.1.tlog
C:\temp\cximage\demo\DebugDll\CL.write.1.tlog
C:\TEMP\CXIMAGE\DEMO\DEBUGDLL\DEMO.OBJ
C:\TEMP\CXIMAGE\DEMO\DEBUGDLL\DEMODLL.PCH
C:\temp\cximage\demo\DebugDll\demoDLL.write.1.tlog
C:\TEMP\CXIMAGE\DEMO\DEBUGDLL\DEMODOC.OBJ
C:\TEMP\CXIMAGE\DEMO\DEBUGDLL\DLGCAPTURE.OBJ
C:\TEMP\CXIMAGE\DEMO\DEBUGDLL\DLGCOLORIZE.OBJ
C:\TEMP\CXIMAGE\DEMO\DEBUGDLL\DLGCOMBINE.OBJ
C:\TEMP\CXIMAGE\DEMO\DEBUGDLL\DLGCUSTOMFILTER.OBJ
C:\TEMP\CXIMAGE\DEMO\DEBUGDLL\DLGDATAEXT.OBJ
C:\TEMP\CXIMAGE\DEMO\DEBUGDLL\DLGDECBPP.OBJ
C:\TEMP\CXIMAGE\DEMO\DEBUGDLL\DLGDITHER.OBJ
C:\TEMP\CXIMAGE\DEMO\DEBUGDLL\DLGEXPAND.OBJ
C:\TEMP\CXIMAGE\DEMO\DEBUGDLL\DLGFFT.OBJ
C:\TEMP\CXIMAGE\DEMO\DEBUGDLL\DLGFLOODFILL.OBJ
C:\TEMP\CXIMAGE\DEMO\DEBUGDLL\DLGGAMMA.OBJ
C:\TEMP\CXIMAGE\DEMO\DEBUGDLL\DLGHISTO.OBJ
C:\TEMP\CXIMAGE\DEMO\DEBUGDLL\DLGINCBPP.OBJ
C:\TEMP\CXIMAGE\DEMO\DEBUGDLL\DLGJPEG.OBJ
C:\TEMP\CXIMAGE\DEMO\DEBUGDLL\DLGMIX.OBJ
C:\TEMP\CXIMAGE\DEMO\DEBUGDLL\DLGOPACITY.OBJ
C:\TEMP\CXIMAGE\DEMO\DEBUGDLL\DLGOPTIONS.OBJ
C:\TEMP\CXIMAGE\DEMO\DEBUGDLL\DLGPALETTE.OBJ
C:\TEMP\CXIMAGE\DEMO\DEBUGDLL\DLGREPAIR.OBJ
C:\TEMP\CXIMAGE\DEMO\DEBUGDLL\DLGRESAMPLE.OBJ
C:\TEMP\CXIMAGE\DEMO\DEBUGDLL\DLGROTATE.OBJ
C:\TEMP\CXIMAGE\DEMO\DEBUGDLL\DLGSHADOW.OBJ
C:\TEMP\CXIMAGE\DEMO\DEBUGDLL\DLGSKEW.OBJ
C:\TEMP\CXIMAGE\DEMO\DEBUGDLL\DLGTEXT.OBJ
C:\TEMP\CXIMAGE\DEMO\DEBUGDLL\DLGTHRESHOLD.OBJ
C:\TEMP\CXIMAGE\DEMO\DEBUGDLL\DLGURL.OBJ
C:\TEMP\CXIMAGE\DEMO\DEBUGDLL\LOGOMDI.OBJ
C:\TEMP\CXIMAGE\DEMO\DEBUGDLL\MAINFRM.OBJ
C:\TEMP\CXIMAGE\DEMO\DEBUGDLL\QUANTIZE.OBJ
C:\TEMP\CXIMAGE\DEMO\DEBUGDLL\STDAFX.OBJ
C:\TEMP\CXIMAGE\DEMO\DEBUGDLL\TWAINCPP.OBJ
C:\TEMP\CXIMAGE\DEMO\DEBUGDLL\VC100.PDB
C:\TEMP\CXIMAGE\DEMO\DEBUGDLL\XTARGETBUTTON.OBJ
