C:\temp\cximage\tiff\Unicode_Debug\cl.command.1.tlog
C:\temp\cximage\tiff\Unicode_Debug\CL.read.1.tlog
C:\temp\cximage\tiff\Unicode_Debug\CL.write.1.tlog
C:\TEMP\CXIMAGE\TIFF\UNICODE_DEBUG\FAX3SM_WINNT.OBJ
C:\temp\cximage\tiff\Unicode_Debug\lib.command.1.tlog
C:\temp\cximage\tiff\Unicode_Debug\Lib-link.read.1.tlog
C:\temp\cximage\tiff\Unicode_Debug\Lib-link.write.1.tlog
C:\TEMP\CXIMAGE\TIFF\UNICODE_DEBUG\TIF_AUX.OBJ
C:\TEMP\CXIMAGE\TIFF\UNICODE_DEBUG\TIF_CLOSE.OBJ
C:\TEMP\CXIMAGE\TIFF\UNICODE_DEBUG\TIF_CODEC.OBJ
C:\TEMP\CXIMAGE\TIFF\UNICODE_DEBUG\TIF_COMPRESS.OBJ
C:\TEMP\CXIMAGE\TIFF\UNICODE_DEBUG\TIF_DIR.OBJ
C:\TEMP\CXIMAGE\TIFF\UNICODE_DEBUG\TIF_DIRINFO.OBJ
C:\TEMP\CXIMAGE\TIFF\UNICODE_DEBUG\TIF_DIRREAD.OBJ
C:\TEMP\CXIMAGE\TIFF\UNICODE_DEBUG\TIF_DIRWRITE.OBJ
C:\TEMP\CXIMAGE\TIFF\UNICODE_DEBUG\TIF_DUMPMODE.OBJ
C:\TEMP\CXIMAGE\TIFF\UNICODE_DEBUG\TIF_ERROR.OBJ
C:\TEMP\CXIMAGE\TIFF\UNICODE_DEBUG\TIF_FAX3.OBJ
C:\TEMP\CXIMAGE\TIFF\UNICODE_DEBUG\TIF_FLUSH.OBJ
C:\TEMP\CXIMAGE\TIFF\UNICODE_DEBUG\TIF_GETIMAGE.OBJ
C:\TEMP\CXIMAGE\TIFF\UNICODE_DEBUG\TIF_JPEG.OBJ
C:\TEMP\CXIMAGE\TIFF\UNICODE_DEBUG\TIF_LUV.OBJ
C:\TEMP\CXIMAGE\TIFF\UNICODE_DEBUG\TIF_LZW.OBJ
C:\TEMP\CXIMAGE\TIFF\UNICODE_DEBUG\TIF_NEXT.OBJ
C:\TEMP\CXIMAGE\TIFF\UNICODE_DEBUG\TIF_OJPEG.OBJ
C:\TEMP\CXIMAGE\TIFF\UNICODE_DEBUG\TIF_OPEN.OBJ
C:\TEMP\CXIMAGE\TIFF\UNICODE_DEBUG\TIF_PACKBITS.OBJ
C:\TEMP\CXIMAGE\TIFF\UNICODE_DEBUG\TIF_PIXARLOG.OBJ
C:\TEMP\CXIMAGE\TIFF\UNICODE_DEBUG\TIF_PREDICT.OBJ
C:\TEMP\CXIMAGE\TIFF\UNICODE_DEBUG\TIF_PRINT.OBJ
C:\TEMP\CXIMAGE\TIFF\UNICODE_DEBUG\TIF_READ.OBJ
C:\TEMP\CXIMAGE\TIFF\UNICODE_DEBUG\TIF_STRIP.OBJ
C:\TEMP\CXIMAGE\TIFF\UNICODE_DEBUG\TIF_SWAB.OBJ
C:\TEMP\CXIMAGE\TIFF\UNICODE_DEBUG\TIF_THUNDER.OBJ
C:\TEMP\CXIMAGE\TIFF\UNICODE_DEBUG\TIF_TILE.OBJ
C:\TEMP\CXIMAGE\TIFF\UNICODE_DEBUG\TIF_VERSION.OBJ
C:\TEMP\CXIMAGE\TIFF\UNICODE_DEBUG\TIF_WARNING.OBJ
C:\TEMP\CXIMAGE\TIFF\UNICODE_DEBUG\TIF_WRITE.OBJ
C:\TEMP\CXIMAGE\TIFF\UNICODE_DEBUG\TIF_ZIP.OBJ
C:\temp\cximage\tiff\Unicode_Debug\Tiff.vcxprojResolveAssemblyReference.cache
C:\temp\cximage\tiff\Unicode_Debug\Tiff.write.1.tlog
C:\TEMP\CXIMAGE\TIFF\UNICODE_DEBUG\VC100.PDB
C:\TEMP\CXIMAGE\X64\UNICODE DEBUG\TIFF.LIB
