Build started 3/19/2013 3:03:19 PM.
     1>Project "C:\temp\cximage\CxImage\CxImageDLL\cximagemfcdll.vcxproj" on node 2 (rebuild target(s)).
     1>_PrepareForClean:
         Deleting file ".\Unicode_Debug\cximagemfcdll.lastbuildstate".
       InitializeBuildStatus:
         Creating ".\Unicode_Debug\cximagemfcdll.unsuccessfulbuild" because "AlwaysCreate" was specified.
       ClCompile:
         C:\Program Files (x86)\Microsoft Visual Studio 10.0\VC\bin\x86_amd64\CL.exe /c /I../../zlib /I../../jasper/include /Zi /nologo /W3 /WX- /Od /D _WINDOWS /D _WINDLL /D _USRDLL /D JAS_WIN_MSVC_BUILD /D WIN32 /D _DEBUG /D UNICODE /D _CRT_SECURE_NO_DEPRECATE /D _WIN32_IE=0x0400 /D _VC80_UPGRADE=0x0600 /D _WINDLL /D _UNICODE /D UNICODE /D _AFXDLL /Gm- /EHsc /RTC1 /MDd /GS /Gy- /fp:precise /Zc:wchar_t /Zc:forScope /Yc"stdafx.h" /Fp".\Unicode_Debug\cximagemfcdll.pch" /Fo".\Unicode_Debug\\" /Fd".\Unicode_Debug\vc100.pdb" /Gd /TP /errorReport:prompt StdAfx.cpp
         StdAfx.cpp
         C:\Program Files (x86)\Microsoft Visual Studio 10.0\VC\bin\x86_amd64\CL.exe /c /I../../zlib /I../../jasper/include /Zi /nologo /W3 /WX- /Od /D _WINDOWS /D _WINDLL /D _USRDLL /D JAS_WIN_MSVC_BUILD /D WIN32 /D _DEBUG /D UNICODE /D _CRT_SECURE_NO_DEPRECATE /D _WIN32_IE=0x0400 /D _VC80_UPGRADE=0x0600 /D _WINDLL /D _UNICODE /D UNICODE /D _AFXDLL /Gm- /EHsc /RTC1 /MDd /GS /Gy- /fp:precise /Zc:wchar_t /Zc:forScope /Fo".\Unicode_Debug\\" /Fd".\Unicode_Debug\vc100.pdb" /Gd /TP /errorReport:prompt cximagemfcdll.cpp ..\tif_xfile.cpp ..\ximabmp.cpp ..\ximadsp.cpp ..\ximaenc.cpp ..\ximaexif.cpp ..\ximage.cpp ..\ximagif.cpp ..\ximahist.cpp ..\ximaico.cpp ..\ximainfo.cpp ..\ximaint.cpp ..\ximajas.cpp ..\ximajbg.cpp ..\ximajpg.cpp ..\ximalpha.cpp ..\ximalyr.cpp ..\ximamng.cpp ..\ximapal.cpp ..\ximapcx.cpp ..\ximapng.cpp ..\ximaraw.cpp ..\ximasel.cpp ..\ximaska.cpp ..\ximatga.cpp ..\ximath.cpp ..\ximatif.cpp ..\ximatran.cpp ..\ximawbmp.cpp ..\ximawmf.cpp ..\ximawnd.cpp ..\xmemfile.cpp
         cximagemfcdll.cpp
         tif_xfile.cpp
         ximabmp.cpp
         ximadsp.cpp
         ximaenc.cpp
     1>c:\temp\cximage\cximage\ximajas.h(65): warning C4267: 'return' : conversion from 'size_t' to 'int', possible loss of data
     1>c:\temp\cximage\cximage\ximajas.h(67): warning C4267: 'return' : conversion from 'size_t' to 'int', possible loss of data
     1>c:\temp\cximage\cximage\ximaraw.h(75): warning C4267: 'return' : conversion from 'size_t' to 'int', possible loss of data
     1>c:\temp\cximage\cximage\ximaraw.h(78): warning C4267: 'return' : conversion from 'size_t' to 'int', possible loss of data
         ximaexif.cpp
     1>..\ximaexif.cpp(101): warning C4267: '=' : conversion from 'size_t' to 'int', possible loss of data
     1>..\ximaexif.cpp(127): warning C4267: '=' : conversion from 'size_t' to 'int', possible loss of data
         ximage.cpp
         ximagif.cpp
         ximahist.cpp
         ximaico.cpp
         ximainfo.cpp
         ximaint.cpp
         ximajas.cpp
     1>c:\temp\cximage\cximage\ximajas.h(65): warning C4267: 'return' : conversion from 'size_t' to 'int', possible loss of data
     1>c:\temp\cximage\cximage\ximajas.h(67): warning C4267: 'return' : conversion from 'size_t' to 'int', possible loss of data
         ximajbg.cpp
         ximajpg.cpp
         ximalpha.cpp
         ximalyr.cpp
         ximamng.cpp
     1>..\ximamng.cpp(45): warning C4267: '=' : conversion from 'size_t' to 'mng_uint32', possible loss of data
     1>..\ximamng.cpp(54): warning C4267: '=' : conversion from 'size_t' to 'mng_uint32', possible loss of data
         ximapal.cpp
         ximapcx.cpp
         Generating Code...
         Compiling...
         ximapng.cpp
         ximaraw.cpp
     1>c:\temp\cximage\cximage\ximaraw.h(75): warning C4267: 'return' : conversion from 'size_t' to 'int', possible loss of data
     1>c:\temp\cximage\cximage\ximaraw.h(78): warning C4267: 'return' : conversion from 'size_t' to 'int', possible loss of data
         ximasel.cpp
         ximaska.cpp
         ximatga.cpp
         ximath.cpp
         ximatif.cpp
         ximatran.cpp
         ximawbmp.cpp
         ximawmf.cpp
     1>..\ximawmf.cpp(298): warning C4267: '=' : conversion from 'size_t' to 'long', possible loss of data
     1>..\ximawmf.cpp(330): warning C4267: '=' : conversion from 'size_t' to 'long', possible loss of data
     1>..\ximawmf.cpp(345): warning C4267: '=' : conversion from 'size_t' to 'long', possible loss of data
     1>..\ximawmf.cpp(411): warning C4267: 'initializing' : conversion from 'size_t' to 'long', possible loss of data
     1>..\ximawmf.cpp(422): warning C4267: '=' : conversion from 'size_t' to 'long', possible loss of data
         ximawnd.cpp
     1>..\ximawnd.cpp(207): warning C4244: 'initializing' : conversion from 'SIZE_T' to 'DWORD', possible loss of data
     1>..\ximawnd.cpp(1368): warning C4996: '_swprintf': swprintf has been changed to conform with the ISO C standard, adding an extra character count parameter. To use traditional Microsoft swprintf, set _CRT_NON_CONFORMING_SWPRINTFS.
                 C:\Program Files (x86)\Microsoft Visual Studio 10.0\VC\include\stdio.h(544) : see declaration of '_swprintf'
     1>..\ximawnd.cpp(1381): warning C4996: '_swprintf': swprintf has been changed to conform with the ISO C standard, adding an extra character count parameter. To use traditional Microsoft swprintf, set _CRT_NON_CONFORMING_SWPRINTFS.
                 C:\Program Files (x86)\Microsoft Visual Studio 10.0\VC\include\stdio.h(544) : see declaration of '_swprintf'
         xmemfile.cpp
         Generating Code...
       ResourceCompile:
         C:\Program Files (x86)\Microsoft SDKs\Windows\v7.0A\bin\rc.exe /D _DEBUG /D _VC80_UPGRADE=0x0600 /D _UNICODE /D UNICODE /D _AFXDLL /l"0x0809" /nologo /fo".\Unicode_Debug\cximagemfcdll.res" cximagemfcdll.rc 
       ManifestResourceCompile:
         C:\Program Files (x86)\Microsoft SDKs\Windows\v7.0A\bin\rc.exe /nologo /fo".\Unicode_Debug\cximagemfcdll.dll.embed.manifest.res" .\Unicode_Debug\cximagemfcdll_manifest.rc 
       Link:
         C:\Program Files (x86)\Microsoft Visual Studio 10.0\VC\bin\x86_amd64\link.exe /ERRORREPORT:PROMPT /OUT:"C:\temp\cximage\x64\Unicode Debug\cximagemfcdll.dll" /INCREMENTAL /NOLOGO /MANIFEST /ManifestFile:".\Unicode_Debug\cximagemfcdll.dll.intermediate.manifest" /MANIFESTUAC:"level='asInvoker' uiAccess='false'" /DEBUG /PDB:"C:\temp\cximage\x64\Unicode Debug\cximagemfcdll.pdb" /SUBSYSTEM:WINDOWS /TLBID:1 /DYNAMICBASE /NXCOMPAT /IMPLIB:".\Unicode_Debug\cximagedu.lib" /MACHINE:X64 /DLL .\Unicode_Debug\cximagemfcdll.res
         .\Unicode_Debug\cximagemfcdll.dll.embed.manifest.res
         .\Unicode_Debug\cximagemfcdll.obj
         .\Unicode_Debug\StdAfx.obj
         .\Unicode_Debug\tif_xfile.obj
         .\Unicode_Debug\ximabmp.obj
         .\Unicode_Debug\ximadsp.obj
         .\Unicode_Debug\ximaenc.obj
         .\Unicode_Debug\ximaexif.obj
         .\Unicode_Debug\ximage.obj
         .\Unicode_Debug\ximagif.obj
         .\Unicode_Debug\ximahist.obj
         .\Unicode_Debug\ximaico.obj
         .\Unicode_Debug\ximainfo.obj
         .\Unicode_Debug\ximaint.obj
         .\Unicode_Debug\ximajas.obj
         .\Unicode_Debug\ximajbg.obj
         .\Unicode_Debug\ximajpg.obj
         .\Unicode_Debug\ximalpha.obj
         .\Unicode_Debug\ximalyr.obj
         .\Unicode_Debug\ximamng.obj
         .\Unicode_Debug\ximapal.obj
         .\Unicode_Debug\ximapcx.obj
         .\Unicode_Debug\ximapng.obj
         .\Unicode_Debug\ximaraw.obj
         .\Unicode_Debug\ximasel.obj
         .\Unicode_Debug\ximaska.obj
         .\Unicode_Debug\ximatga.obj
         .\Unicode_Debug\ximath.obj
         .\Unicode_Debug\ximatif.obj
         .\Unicode_Debug\ximatran.obj
         .\Unicode_Debug\ximawbmp.obj
         .\Unicode_Debug\ximawmf.obj
         .\Unicode_Debug\ximawnd.obj
         .\Unicode_Debug\xmemfile.obj
         ..\..\x64\Debug\cximage.lib
         ..\..\x64\Debug\jasper.lib
         ..\..\x64\Debug\jbig.lib
         ..\..\x64\Debug\Jpeg.lib
         ..\..\x64\Debug\libdcr.lib
         ..\..\x64\Debug\mng.lib
         ..\..\x64\Debug\png.lib
         ..\..\x64\Debug\Tiff.lib
         ..\..\x64\Debug\zlib.lib
            Creating library .\Unicode_Debug\cximagedu.lib and object .\Unicode_Debug\cximagedu.exp
         cximagemfcdll.vcxproj -> C:\temp\cximage\x64\Unicode Debug\cximagemfcdll.dll
       Manifest:
         Deleting file ".\Unicode_Debug\cximagemfcdll.dll.embed.manifest".
         C:\Program Files (x86)\Microsoft SDKs\Windows\v7.0A\bin\mt.exe /nologo /verbose /out:".\Unicode_Debug\cximagemfcdll.dll.embed.manifest" /manifest .\Unicode_Debug\cximagemfcdll.dll.intermediate.manifest "C:\Program Files (x86)\Microsoft Visual Studio 10.0\VC\Include\Manifest\dpiaware.manifest"
         C:\Program Files (x86)\Microsoft SDKs\Windows\v7.0A\bin\rc.exe /nologo /fo".\Unicode_Debug\cximagemfcdll.dll.embed.manifest.res" .\Unicode_Debug\cximagemfcdll_manifest.rc 
       LinkEmbedManifest:
         C:\Program Files (x86)\Microsoft Visual Studio 10.0\VC\bin\x86_amd64\link.exe /ERRORREPORT:PROMPT /OUT:"C:\temp\cximage\x64\Unicode Debug\cximagemfcdll.dll" /INCREMENTAL /NOLOGO /MANIFEST /ManifestFile:".\Unicode_Debug\cximagemfcdll.dll.intermediate.manifest" /MANIFESTUAC:"level='asInvoker' uiAccess='false'" /DEBUG /PDB:"C:\temp\cximage\x64\Unicode Debug\cximagemfcdll.pdb" /SUBSYSTEM:WINDOWS /TLBID:1 /DYNAMICBASE /NXCOMPAT /IMPLIB:".\Unicode_Debug\cximagedu.lib" /MACHINE:X64 /DLL .\Unicode_Debug\cximagemfcdll.res
         .\Unicode_Debug\cximagemfcdll.dll.embed.manifest.res
         .\Unicode_Debug\cximagemfcdll.obj
         .\Unicode_Debug\StdAfx.obj
         .\Unicode_Debug\tif_xfile.obj
         .\Unicode_Debug\ximabmp.obj
         .\Unicode_Debug\ximadsp.obj
         .\Unicode_Debug\ximaenc.obj
         .\Unicode_Debug\ximaexif.obj
         .\Unicode_Debug\ximage.obj
         .\Unicode_Debug\ximagif.obj
         .\Unicode_Debug\ximahist.obj
         .\Unicode_Debug\ximaico.obj
         .\Unicode_Debug\ximainfo.obj
         .\Unicode_Debug\ximaint.obj
         .\Unicode_Debug\ximajas.obj
         .\Unicode_Debug\ximajbg.obj
         .\Unicode_Debug\ximajpg.obj
         .\Unicode_Debug\ximalpha.obj
         .\Unicode_Debug\ximalyr.obj
         .\Unicode_Debug\ximamng.obj
         .\Unicode_Debug\ximapal.obj
         .\Unicode_Debug\ximapcx.obj
         .\Unicode_Debug\ximapng.obj
         .\Unicode_Debug\ximaraw.obj
         .\Unicode_Debug\ximasel.obj
         .\Unicode_Debug\ximaska.obj
         .\Unicode_Debug\ximatga.obj
         .\Unicode_Debug\ximath.obj
         .\Unicode_Debug\ximatif.obj
         .\Unicode_Debug\ximatran.obj
         .\Unicode_Debug\ximawbmp.obj
         .\Unicode_Debug\ximawmf.obj
         .\Unicode_Debug\ximawnd.obj
         .\Unicode_Debug\xmemfile.obj
         ..\..\x64\Debug\cximage.lib
         ..\..\x64\Debug\jasper.lib
         ..\..\x64\Debug\jbig.lib
         ..\..\x64\Debug\Jpeg.lib
         ..\..\x64\Debug\libdcr.lib
         ..\..\x64\Debug\mng.lib
         ..\..\x64\Debug\png.lib
         ..\..\x64\Debug\Tiff.lib
         ..\..\x64\Debug\zlib.lib
            Creating library .\Unicode_Debug\cximagedu.lib and object .\Unicode_Debug\cximagedu.exp
         cximagemfcdll.vcxproj -> C:\temp\cximage\x64\Unicode Debug\cximagemfcdll.dll
       FinalizeBuildStatus:
         Deleting file ".\Unicode_Debug\cximagemfcdll.unsuccessfulbuild".
         Touching ".\Unicode_Debug\cximagemfcdll.lastbuildstate".
     1>Done Building Project "C:\temp\cximage\CxImage\CxImageDLL\cximagemfcdll.vcxproj" (rebuild target(s)).

Build succeeded.

Time Elapsed 00:00:20.08
