C:\temp\cximage\CxImage\CxImageDLL\Unicode_Debug\cl.command.1.tlog
C:\temp\cximage\CxImage\CxImageDLL\Unicode_Debug\CL.read.1.tlog
C:\temp\cximage\CxImage\CxImageDLL\Unicode_Debug\CL.write.1.tlog
C:\TEMP\CXIMAGE\CXIMAGE\CXIMAGEDLL\UNICODE_DEBUG\CXIMAGECRTDLL.DLL.EMBED.MANIFEST
C:\TEMP\CXIMAGE\CXIMAGE\CXIMAGEDLL\UNICODE_DEBUG\CXIMAGECRTDLL.DLL.EMBED.MANIFEST.RES
C:\TEMP\CXIMAGE\CXIMAGE\CXIMAGEDLL\UNICODE_DEBUG\CXIMAGECRTDLL.DLL.INTERMEDIATE.MANIFEST
C:\TEMP\CXIMAGE\CXIMAGE\CXIMAGEDLL\UNICODE_DEBUG\CXIMAGECRTDLL.OBJ
C:\TEMP\CXIMAGE\CXIMAGE\CXIMAGEDLL\UNICODE_DEBUG\CXIMAGECRTDLL.RES
C:\temp\cximage\CxImage\CxImageDLL\Unicode_Debug\CxImageCrtDll.write.1.tlog
C:\temp\cximage\CxImage\CxImageDLL\Unicode_Debug\CxImageCrtDll_manifest.rc
C:\temp\cximage\CxImage\CxImageDLL\Unicode_Debug\cximagecrtdu.exp
C:\temp\cximage\CxImage\CxImageDLL\Unicode_Debug\cximagecrtdu.lib
C:\temp\cximage\CxImage\CxImageDLL\Unicode_Debug\cximagedu.exp
C:\temp\cximage\CxImage\CxImageDLL\Unicode_Debug\cximagedu.lib
C:\TEMP\CXIMAGE\CXIMAGE\CXIMAGEDLL\UNICODE_DEBUG\CXIMAGEMFCDLL.DLL.EMBED.MANIFEST
C:\TEMP\CXIMAGE\CXIMAGE\CXIMAGEDLL\UNICODE_DEBUG\CXIMAGEMFCDLL.DLL.EMBED.MANIFEST.RES
C:\TEMP\CXIMAGE\CXIMAGE\CXIMAGEDLL\UNICODE_DEBUG\CXIMAGEMFCDLL.DLL.INTERMEDIATE.MANIFEST
C:\TEMP\CXIMAGE\CXIMAGE\CXIMAGEDLL\UNICODE_DEBUG\CXIMAGEMFCDLL.OBJ
C:\TEMP\CXIMAGE\CXIMAGE\CXIMAGEDLL\UNICODE_DEBUG\CXIMAGEMFCDLL.PCH
C:\TEMP\CXIMAGE\CXIMAGE\CXIMAGEDLL\UNICODE_DEBUG\CXIMAGEMFCDLL.RES
C:\temp\cximage\CxImage\CxImageDLL\Unicode_Debug\cximagemfcdll.write.1.tlog
C:\temp\cximage\CxImage\CxImageDLL\Unicode_Debug\cximagemfcdll_manifest.rc
C:\temp\cximage\CxImage\CxImageDLL\Unicode_Debug\link.3892.read.1.tlog
C:\temp\cximage\CxImage\CxImageDLL\Unicode_Debug\link.3892.write.1.tlog
C:\temp\cximage\CxImage\CxImageDLL\Unicode_Debug\link.3892-cvtres.read.1.tlog
C:\temp\cximage\CxImage\CxImageDLL\Unicode_Debug\link.3892-cvtres.write.1.tlog
C:\temp\cximage\CxImage\CxImageDLL\Unicode_Debug\link.command.1.tlog
C:\temp\cximage\CxImage\CxImageDLL\Unicode_Debug\link.read.1.tlog
C:\temp\cximage\CxImage\CxImageDLL\Unicode_Debug\link.write.1.tlog
C:\temp\cximage\CxImage\CxImageDLL\Unicode_Debug\link-cvtres.read.1.tlog
C:\temp\cximage\CxImage\CxImageDLL\Unicode_Debug\link-cvtres.write.1.tlog
C:\temp\cximage\CxImage\CxImageDLL\Unicode_Debug\mt.command.1.tlog
C:\temp\cximage\CxImage\CxImageDLL\Unicode_Debug\mt.read.1.tlog
C:\temp\cximage\CxImage\CxImageDLL\Unicode_Debug\mt.write.1.tlog
C:\temp\cximage\CxImage\CxImageDLL\Unicode_Debug\rc.command.1.tlog
C:\temp\cximage\CxImage\CxImageDLL\Unicode_Debug\rc.read.1.tlog
C:\temp\cximage\CxImage\CxImageDLL\Unicode_Debug\rc.write.1.tlog
C:\TEMP\CXIMAGE\CXIMAGE\CXIMAGEDLL\UNICODE_DEBUG\STDAFX.OBJ
C:\TEMP\CXIMAGE\CXIMAGE\CXIMAGEDLL\UNICODE_DEBUG\TIF_XFILE.OBJ
C:\TEMP\CXIMAGE\CXIMAGE\CXIMAGEDLL\UNICODE_DEBUG\VC100.PDB
C:\TEMP\CXIMAGE\CXIMAGE\CXIMAGEDLL\UNICODE_DEBUG\XIMABMP.OBJ
C:\TEMP\CXIMAGE\CXIMAGE\CXIMAGEDLL\UNICODE_DEBUG\XIMADSP.OBJ
C:\TEMP\CXIMAGE\CXIMAGE\CXIMAGEDLL\UNICODE_DEBUG\XIMAENC.OBJ
C:\TEMP\CXIMAGE\CXIMAGE\CXIMAGEDLL\UNICODE_DEBUG\XIMAEXIF.OBJ
C:\TEMP\CXIMAGE\CXIMAGE\CXIMAGEDLL\UNICODE_DEBUG\XIMAGE.OBJ
C:\TEMP\CXIMAGE\CXIMAGE\CXIMAGEDLL\UNICODE_DEBUG\XIMAGIF.OBJ
C:\TEMP\CXIMAGE\CXIMAGE\CXIMAGEDLL\UNICODE_DEBUG\XIMAHIST.OBJ
C:\TEMP\CXIMAGE\CXIMAGE\CXIMAGEDLL\UNICODE_DEBUG\XIMAICO.OBJ
C:\TEMP\CXIMAGE\CXIMAGE\CXIMAGEDLL\UNICODE_DEBUG\XIMAINFO.OBJ
C:\TEMP\CXIMAGE\CXIMAGE\CXIMAGEDLL\UNICODE_DEBUG\XIMAINT.OBJ
C:\TEMP\CXIMAGE\CXIMAGE\CXIMAGEDLL\UNICODE_DEBUG\XIMAJAS.OBJ
C:\TEMP\CXIMAGE\CXIMAGE\CXIMAGEDLL\UNICODE_DEBUG\XIMAJBG.OBJ
C:\TEMP\CXIMAGE\CXIMAGE\CXIMAGEDLL\UNICODE_DEBUG\XIMAJPG.OBJ
C:\TEMP\CXIMAGE\CXIMAGE\CXIMAGEDLL\UNICODE_DEBUG\XIMALPHA.OBJ
C:\TEMP\CXIMAGE\CXIMAGE\CXIMAGEDLL\UNICODE_DEBUG\XIMALYR.OBJ
C:\TEMP\CXIMAGE\CXIMAGE\CXIMAGEDLL\UNICODE_DEBUG\XIMAMNG.OBJ
C:\TEMP\CXIMAGE\CXIMAGE\CXIMAGEDLL\UNICODE_DEBUG\XIMAPAL.OBJ
C:\TEMP\CXIMAGE\CXIMAGE\CXIMAGEDLL\UNICODE_DEBUG\XIMAPCX.OBJ
C:\TEMP\CXIMAGE\CXIMAGE\CXIMAGEDLL\UNICODE_DEBUG\XIMAPNG.OBJ
C:\TEMP\CXIMAGE\CXIMAGE\CXIMAGEDLL\UNICODE_DEBUG\XIMARAW.OBJ
C:\TEMP\CXIMAGE\CXIMAGE\CXIMAGEDLL\UNICODE_DEBUG\XIMASEL.OBJ
C:\TEMP\CXIMAGE\CXIMAGE\CXIMAGEDLL\UNICODE_DEBUG\XIMASKA.OBJ
C:\TEMP\CXIMAGE\CXIMAGE\CXIMAGEDLL\UNICODE_DEBUG\XIMATGA.OBJ
C:\TEMP\CXIMAGE\CXIMAGE\CXIMAGEDLL\UNICODE_DEBUG\XIMATH.OBJ
C:\TEMP\CXIMAGE\CXIMAGE\CXIMAGEDLL\UNICODE_DEBUG\XIMATIF.OBJ
C:\TEMP\CXIMAGE\CXIMAGE\CXIMAGEDLL\UNICODE_DEBUG\XIMATRAN.OBJ
C:\TEMP\CXIMAGE\CXIMAGE\CXIMAGEDLL\UNICODE_DEBUG\XIMAWBMP.OBJ
C:\TEMP\CXIMAGE\CXIMAGE\CXIMAGEDLL\UNICODE_DEBUG\XIMAWMF.OBJ
C:\TEMP\CXIMAGE\CXIMAGE\CXIMAGEDLL\UNICODE_DEBUG\XIMAWND.OBJ
C:\TEMP\CXIMAGE\CXIMAGE\CXIMAGEDLL\UNICODE_DEBUG\XMEMFILE.OBJ
C:\TEMP\CXIMAGE\X64\UNICODE DEBUG\CXIMAGECRTDLL.DLL
C:\TEMP\CXIMAGE\X64\UNICODE DEBUG\CXIMAGECRTDLL.ILK
C:\TEMP\CXIMAGE\X64\UNICODE DEBUG\CXIMAGECRTDLL.PDB
C:\TEMP\CXIMAGE\X64\UNICODE DEBUG\CXIMAGEMFCDLL.DLL
C:\TEMP\CXIMAGE\X64\UNICODE DEBUG\CXIMAGEMFCDLL.ILK
C:\TEMP\CXIMAGE\X64\UNICODE DEBUG\CXIMAGEMFCDLL.PDB
