C:\TEMP\CXIMAGE\DEMO\UNICODE_DEBUGDLL\BCMENU.OBJ
C:\TEMP\CXIMAGE\DEMO\UNICODE_DEBUGDLL\CHILDFRM.OBJ
C:\temp\cximage\demo\Unicode_DebugDll\cl.command.1.tlog
C:\temp\cximage\demo\Unicode_DebugDll\CL.read.1.tlog
C:\temp\cximage\demo\Unicode_DebugDll\CL.write.1.tlog
C:\TEMP\CXIMAGE\DEMO\UNICODE_DEBUGDLL\DEMO.OBJ
C:\TEMP\CXIMAGE\DEMO\UNICODE_DEBUGDLL\DEMO.RES
C:\TEMP\CXIMAGE\DEMO\UNICODE_DEBUGDLL\DEMODLL.EXE.EMBED.MANIFEST
C:\TEMP\CXIMAGE\DEMO\UNICODE_DEBUGDLL\DEMODLL.EXE.EMBED.MANIFEST.RES
C:\TEMP\CXIMAGE\DEMO\UNICODE_DEBUGDLL\DEMODLL.EXE.INTERMEDIATE.MANIFEST
C:\TEMP\CXIMAGE\DEMO\UNICODE_DEBUGDLL\DEMODLL.PCH
C:\temp\cximage\demo\Unicode_DebugDll\demoDLL.write.1.tlog
C:\temp\cximage\demo\Unicode_DebugDll\demoDLL_manifest.rc
C:\TEMP\CXIMAGE\DEMO\UNICODE_DEBUGDLL\DEMODOC.OBJ
C:\TEMP\CXIMAGE\DEMO\UNICODE_DEBUGDLL\DEMOVIEW.OBJ
C:\TEMP\CXIMAGE\DEMO\UNICODE_DEBUGDLL\DLGCAPTURE.OBJ
C:\TEMP\CXIMAGE\DEMO\UNICODE_DEBUGDLL\DLGCOLORIZE.OBJ
C:\TEMP\CXIMAGE\DEMO\UNICODE_DEBUGDLL\DLGCOMBINE.OBJ
C:\TEMP\CXIMAGE\DEMO\UNICODE_DEBUGDLL\DLGCUSTOMFILTER.OBJ
C:\TEMP\CXIMAGE\DEMO\UNICODE_DEBUGDLL\DLGDATAEXT.OBJ
C:\TEMP\CXIMAGE\DEMO\UNICODE_DEBUGDLL\DLGDECBPP.OBJ
C:\TEMP\CXIMAGE\DEMO\UNICODE_DEBUGDLL\DLGDITHER.OBJ
C:\TEMP\CXIMAGE\DEMO\UNICODE_DEBUGDLL\DLGEXPAND.OBJ
C:\TEMP\CXIMAGE\DEMO\UNICODE_DEBUGDLL\DLGFFT.OBJ
C:\TEMP\CXIMAGE\DEMO\UNICODE_DEBUGDLL\DLGFLOODFILL.OBJ
C:\TEMP\CXIMAGE\DEMO\UNICODE_DEBUGDLL\DLGGAMMA.OBJ
C:\TEMP\CXIMAGE\DEMO\UNICODE_DEBUGDLL\DLGHISTO.OBJ
C:\TEMP\CXIMAGE\DEMO\UNICODE_DEBUGDLL\DLGINCBPP.OBJ
C:\TEMP\CXIMAGE\DEMO\UNICODE_DEBUGDLL\DLGJPEG.OBJ
C:\TEMP\CXIMAGE\DEMO\UNICODE_DEBUGDLL\DLGMIX.OBJ
C:\TEMP\CXIMAGE\DEMO\UNICODE_DEBUGDLL\DLGOPACITY.OBJ
C:\TEMP\CXIMAGE\DEMO\UNICODE_DEBUGDLL\DLGOPTIONS.OBJ
C:\TEMP\CXIMAGE\DEMO\UNICODE_DEBUGDLL\DLGPALETTE.OBJ
C:\TEMP\CXIMAGE\DEMO\UNICODE_DEBUGDLL\DLGREPAIR.OBJ
C:\TEMP\CXIMAGE\DEMO\UNICODE_DEBUGDLL\DLGRESAMPLE.OBJ
C:\TEMP\CXIMAGE\DEMO\UNICODE_DEBUGDLL\DLGROTATE.OBJ
C:\TEMP\CXIMAGE\DEMO\UNICODE_DEBUGDLL\DLGSHADOW.OBJ
C:\TEMP\CXIMAGE\DEMO\UNICODE_DEBUGDLL\DLGSKEW.OBJ
C:\TEMP\CXIMAGE\DEMO\UNICODE_DEBUGDLL\DLGTEXT.OBJ
C:\TEMP\CXIMAGE\DEMO\UNICODE_DEBUGDLL\DLGTHRESHOLD.OBJ
C:\TEMP\CXIMAGE\DEMO\UNICODE_DEBUGDLL\DLGURL.OBJ
C:\temp\cximage\demo\Unicode_DebugDll\link.command.1.tlog
C:\temp\cximage\demo\Unicode_DebugDll\link.read.1.tlog
C:\temp\cximage\demo\Unicode_DebugDll\link.write.1.tlog
C:\temp\cximage\demo\Unicode_DebugDll\link-cvtres.read.1.tlog
C:\temp\cximage\demo\Unicode_DebugDll\link-cvtres.write.1.tlog
C:\TEMP\CXIMAGE\DEMO\UNICODE_DEBUGDLL\LOGOMDI.OBJ
C:\TEMP\CXIMAGE\DEMO\UNICODE_DEBUGDLL\MAINFRM.OBJ
C:\temp\cximage\demo\Unicode_DebugDll\mt.command.1.tlog
C:\temp\cximage\demo\Unicode_DebugDll\mt.read.1.tlog
C:\temp\cximage\demo\Unicode_DebugDll\mt.write.1.tlog
C:\TEMP\CXIMAGE\DEMO\UNICODE_DEBUGDLL\QUANTIZE.OBJ
C:\temp\cximage\demo\Unicode_DebugDll\rc.command.1.tlog
C:\temp\cximage\demo\Unicode_DebugDll\rc.read.1.tlog
C:\temp\cximage\demo\Unicode_DebugDll\rc.write.1.tlog
C:\TEMP\CXIMAGE\DEMO\UNICODE_DEBUGDLL\STDAFX.OBJ
C:\TEMP\CXIMAGE\DEMO\UNICODE_DEBUGDLL\TWAINCPP.OBJ
C:\TEMP\CXIMAGE\DEMO\UNICODE_DEBUGDLL\VC100.PDB
C:\TEMP\CXIMAGE\DEMO\UNICODE_DEBUGDLL\XTARGETBUTTON.OBJ
C:\TEMP\CXIMAGE\X64\UNICODE DEBUG\DEMODLL.EXE
C:\temp\cximage\x64\Unicode Debug\demoDLL.exp
C:\TEMP\CXIMAGE\X64\UNICODE DEBUG\DEMODLL.ILK
C:\temp\cximage\x64\Unicode Debug\demoDLL.lib
C:\TEMP\CXIMAGE\X64\UNICODE DEBUG\DEMODLL.PDB
