C:\TEMP\CXIMAGE\DEMO\UNICODE_DEBUG\BCMENU.OBJ
C:\TEMP\CXIMAGE\DEMO\UNICODE_DEBUG\CHILDFRM.OBJ
C:\temp\cximage\demo\Unicode_Debug\cl.command.1.tlog
C:\temp\cximage\demo\Unicode_Debug\CL.read.1.tlog
C:\temp\cximage\demo\Unicode_Debug\CL.write.1.tlog
C:\temp\cximage\demo\Unicode_Debug\demo.exe.embed.manifest
C:\TEMP\CXIMAGE\DEMO\UNICODE_DEBUG\DEMO.EXE.EMBED.MANIFEST.RES
C:\temp\cximage\demo\Unicode_Debug\demo.exe.intermediate.manifest
C:\TEMP\CXIMAGE\DEMO\UNICODE_DEBUG\DEMO.OBJ
C:\TEMP\CXIMAGE\DEMO\UNICODE_DEBUG\DEMO.PCH
C:\TEMP\CXIMAGE\DEMO\UNICODE_DEBUG\DEMO.RES
C:\temp\cximage\demo\Unicode_Debug\demo.write.1.tlog
C:\temp\cximage\demo\Unicode_Debug\demo_manifest.rc
C:\TEMP\CXIMAGE\DEMO\UNICODE_DEBUG\DEMODOC.OBJ
C:\TEMP\CXIMAGE\DEMO\UNICODE_DEBUG\DEMOVIEW.OBJ
C:\TEMP\CXIMAGE\DEMO\UNICODE_DEBUG\DLGCAPTURE.OBJ
C:\TEMP\CXIMAGE\DEMO\UNICODE_DEBUG\DLGCOLORIZE.OBJ
C:\TEMP\CXIMAGE\DEMO\UNICODE_DEBUG\DLGCOMBINE.OBJ
C:\TEMP\CXIMAGE\DEMO\UNICODE_DEBUG\DLGCUSTOMFILTER.OBJ
C:\TEMP\CXIMAGE\DEMO\UNICODE_DEBUG\DLGDATAEXT.OBJ
C:\TEMP\CXIMAGE\DEMO\UNICODE_DEBUG\DLGDECBPP.OBJ
C:\TEMP\CXIMAGE\DEMO\UNICODE_DEBUG\DLGDITHER.OBJ
C:\TEMP\CXIMAGE\DEMO\UNICODE_DEBUG\DLGEXPAND.OBJ
C:\TEMP\CXIMAGE\DEMO\UNICODE_DEBUG\DLGFFT.OBJ
C:\TEMP\CXIMAGE\DEMO\UNICODE_DEBUG\DLGFLOODFILL.OBJ
C:\TEMP\CXIMAGE\DEMO\UNICODE_DEBUG\DLGGAMMA.OBJ
C:\TEMP\CXIMAGE\DEMO\UNICODE_DEBUG\DLGHISTO.OBJ
C:\TEMP\CXIMAGE\DEMO\UNICODE_DEBUG\DLGINCBPP.OBJ
C:\TEMP\CXIMAGE\DEMO\UNICODE_DEBUG\DLGJPEG.OBJ
C:\TEMP\CXIMAGE\DEMO\UNICODE_DEBUG\DLGMIX.OBJ
C:\TEMP\CXIMAGE\DEMO\UNICODE_DEBUG\DLGOPACITY.OBJ
C:\TEMP\CXIMAGE\DEMO\UNICODE_DEBUG\DLGOPTIONS.OBJ
C:\TEMP\CXIMAGE\DEMO\UNICODE_DEBUG\DLGPALETTE.OBJ
C:\TEMP\CXIMAGE\DEMO\UNICODE_DEBUG\DLGREPAIR.OBJ
C:\TEMP\CXIMAGE\DEMO\UNICODE_DEBUG\DLGRESAMPLE.OBJ
C:\TEMP\CXIMAGE\DEMO\UNICODE_DEBUG\DLGROTATE.OBJ
C:\TEMP\CXIMAGE\DEMO\UNICODE_DEBUG\DLGSHADOW.OBJ
C:\TEMP\CXIMAGE\DEMO\UNICODE_DEBUG\DLGSKEW.OBJ
C:\TEMP\CXIMAGE\DEMO\UNICODE_DEBUG\DLGTEXT.OBJ
C:\TEMP\CXIMAGE\DEMO\UNICODE_DEBUG\DLGTHRESHOLD.OBJ
C:\TEMP\CXIMAGE\DEMO\UNICODE_DEBUG\DLGURL.OBJ
C:\temp\cximage\demo\Unicode_Debug\link.command.1.tlog
C:\temp\cximage\demo\Unicode_Debug\link.read.1.tlog
C:\temp\cximage\demo\Unicode_Debug\link.write.1.tlog
C:\temp\cximage\demo\Unicode_Debug\link-cvtres.read.1.tlog
C:\temp\cximage\demo\Unicode_Debug\link-cvtres.write.1.tlog
C:\TEMP\CXIMAGE\DEMO\UNICODE_DEBUG\LOGOMDI.OBJ
C:\TEMP\CXIMAGE\DEMO\UNICODE_DEBUG\MAINFRM.OBJ
C:\TEMP\CXIMAGE\DEMO\UNICODE_DEBUG\QUANTIZE.OBJ
C:\temp\cximage\demo\Unicode_Debug\rc.command.1.tlog
C:\temp\cximage\demo\Unicode_Debug\rc.read.1.tlog
C:\temp\cximage\demo\Unicode_Debug\rc.write.1.tlog
C:\TEMP\CXIMAGE\DEMO\UNICODE_DEBUG\STDAFX.OBJ
C:\TEMP\CXIMAGE\DEMO\UNICODE_DEBUG\TWAINCPP.OBJ
C:\TEMP\CXIMAGE\DEMO\UNICODE_DEBUG\VC100.PDB
C:\TEMP\CXIMAGE\DEMO\UNICODE_DEBUG\XTARGETBUTTON.OBJ
C:\temp\cximage\x64\Unicode Debug\demo.pdb
