Build started 3/19/2013 2:58:13 PM.
     1>Project "C:\temp\cximage\zlib\zlib.vcxproj" on node 2 (rebuild target(s)).
     1>InitializeBuildStatus:
         Creating ".\Unicode_Release\zlib.unsuccessfulbuild" because "AlwaysCreate" was specified.
       ClCompile:
         C:\Program Files (x86)\Microsoft Visual Studio 10.0\VC\bin\x86_amd64\CL.exe /c /Zi /nologo /W3 /WX- /O2 /Ob1 /D _WINDOWS /D WIN32 /D NDEBUG /D UNICODE /D _CRT_SECURE_NO_DEPRECATE /D _VC80_UPGRADE=0x0600 /D _UNICODE /D UNICODE /D _AFXDLL /GF /Gm- /EHsc /MD /GS /Gy /fp:precise /Zc:wchar_t /Zc:forScope /Fo".\Unicode_Release\\" /Fd".\Unicode_Release\vc100.pdb" /Gd /TC /errorReport:prompt adler32.c compress.c crc32.c deflate.c gzio.c infback.c inffast.c inflate.c inftrees.c trees.c uncompr.c zutil.c
         adler32.c
         compress.c
         crc32.c
         deflate.c
         gzio.c
         infback.c
         inffast.c
         inflate.c
         inftrees.c
         trees.c
         uncompr.c
         zutil.c
         Generating Code...
       Lib:
         C:\Program Files (x86)\Microsoft Visual Studio 10.0\VC\bin\x86_amd64\Lib.exe /OUT:"C:\temp\cximage\x64\Unicode Release\zlib.lib" /NOLOGO .\Unicode_Release\adler32.obj
         .\Unicode_Release\compress.obj
         .\Unicode_Release\crc32.obj
         .\Unicode_Release\deflate.obj
         .\Unicode_Release\gzio.obj
         .\Unicode_Release\infback.obj
         .\Unicode_Release\inffast.obj
         .\Unicode_Release\inflate.obj
         .\Unicode_Release\inftrees.obj
         .\Unicode_Release\trees.obj
         .\Unicode_Release\uncompr.obj
         .\Unicode_Release\zutil.obj
         zlib.vcxproj -> C:\temp\cximage\x64\Unicode Release\zlib.lib
       FinalizeBuildStatus:
         Deleting file ".\Unicode_Release\zlib.unsuccessfulbuild".
         Touching ".\Unicode_Release\zlib.lastbuildstate".
     1>Done Building Project "C:\temp\cximage\zlib\zlib.vcxproj" (rebuild target(s)).

Build succeeded.

Time Elapsed 00:00:01.56
